2018-10-11 14:21:44.329094: W tensorflow/core/platform/cpu_feature_guard.cc:45] The TensorFlow library wasn't compiled to use SSE4.1 instructions, but these are available on your machine and could speed up CPU computations.
2018-10-11 14:21:44.329987: W tensorflow/core/platform/cpu_feature_guard.cc:45] The TensorFlow library wasn't compiled to use SSE4.2 instructions, but these are available on your machine and could speed up CPU computations.
2018-10-11 14:21:44.330010: W tensorflow/core/platform/cpu_feature_guard.cc:45] The TensorFlow library wasn't compiled to use AVX instructions, but these are available on your machine and could speed up CPU computations.
2018-10-11 14:21:44.330021: W tensorflow/core/platform/cpu_feature_guard.cc:45] The TensorFlow library wasn't compiled to use AVX2 instructions, but these are available on your machine and could speed up CPU computations.
2018-10-11 14:21:44.330031: W tensorflow/core/platform/cpu_feature_guard.cc:45] The TensorFlow library wasn't compiled to use FMA instructions, but these are available on your machine and could speed up CPU computations.
2018-10-11 14:21:44.556650: I tensorflow/core/common_runtime/gpu/gpu_device.cc:955] Found device 0 with properties: 
name: Tesla P40
major: 6 minor: 1 memoryClockRate (GHz) 1.531
pciBusID 0000:05:00.0
Total memory: 22.38GiB
Free memory: 22.22GiB
2018-10-11 14:21:44.556747: I tensorflow/core/common_runtime/gpu/gpu_device.cc:976] DMA: 0 
2018-10-11 14:21:44.556762: I tensorflow/core/common_runtime/gpu/gpu_device.cc:986] 0:   Y 
2018-10-11 14:21:44.556777: I tensorflow/core/common_runtime/gpu/gpu_device.cc:1045] Creating TensorFlow device (/gpu:0) -> (device: 0, name: Tesla P40, pci bus id: 0000:05:00.0)
WARN: Cannot define MaxPoolGrad, likely already defined for this version of tensorflow: "Registering two gradient with name 'MaxPoolGrad' !(Previous registration was in _find_and_load_unlocked <frozen importlib._bootstrap>:955)"
Generating filenames
Generating image processing ops
Batching images
Manipulating image data to be right shape
Generating filenames
Generating image processing ops
Batching images
Manipulating image data to be right shape
Done initializing, starting training.
Iteration 100: 0.046875, 0.0484375
Iteration 200: 0.05, 0.053125
Iteration 300: 0.05, 0.06875
Iteration 400: 0.05, 0.0625
Iteration 500: 0.05, 0.071875
Validation results: 0.05, 0.065625
Iteration 600: 0.05, 0.046875
Iteration 700: 0.05, 0.05
Iteration 800: 0.05, 0.05
Iteration 900: 0.046875, 0.040625
Iteration 1000: 0.053125, 0.053125
Validation results: 0.05, 0.05
Iteration 1100: 0.05, 0.053125
Iteration 1200: 0.05, 0.059375
Iteration 1300: 0.05, 0.053125
Iteration 1400: 0.046875, 0.053125
Iteration 1500: 0.046875, 0.046875
Validation results: 0.053125, 0.053125
Iteration 1600: 0.05, 0.04375
Iteration 1700: 0.05, 0.059375
Iteration 1800: 0.065625, 0.046875
Iteration 1900: 0.0375, 0.059375
Iteration 2000: 0.05, 0.046875
Validation results: 0.034375, 0.053125
Iteration 2100: 0.0375, 0.04375
Iteration 2200: 0.053125, 0.05625
Iteration 2300: 0.071875, 0.084375
Iteration 2400: 0.065625, 0.040625
Iteration 2500: 0.034375, 0.0375
Validation results: 0.075, 0.04375
Iteration 2600: 0.03125, 0.0375
Iteration 2700: 0.046875, 0.05
Iteration 2800: 0.053125, 0.05625
Iteration 2900: 0.05, 0.046875
Iteration 3000: 0.034375, 0.05625
Validation results: 0.04375, 0.059375
Iteration 3100: 0.0625, 0.040625
Iteration 3200: 0.059375, 0.03125
Iteration 3300: 0.03125, 0.04375
Iteration 3400: 0.053125, 0.034375
Iteration 3500: 0.04375, 0.04375
Validation results: 0.040625, 0.0375
Iteration 3600: 0.05625, 0.071875
Iteration 3700: 0.0625, 0.078125
Iteration 3800: 0.05, 0.065625
Iteration 3900: 0.034375, 0.065625
Iteration 4000: 0.04375, 0.059375
Validation results: 0.040625, 0.0375
Iteration 4100: 0.028125, 0.06875
Iteration 4200: 0.0375, 0.059375
Iteration 4300: 0.028125, 0.046875
Iteration 4400: 0.04375, 0.0375
Iteration 4500: 0.046875, 0.046875
Validation results: 0.034375, 0.04375
Iteration 4600: 0.046875, 0.040625
Iteration 4700: 0.04375, 0.05
Iteration 4800: 0.0625, 0.065625
Iteration 4900: 0.053125, 0.0375
Iteration 5000: 0.05, 0.01875
Validation results: 0.05625, 0.046875
Iteration 5100: 0.040625, 0.065625
Iteration 5200: 0.0375, 0.040625
Iteration 5300: 0.04375, 0.04375
Iteration 5400: 0.0375, 0.04375
Iteration 5500: 0.05625, 0.06875
Validation results: 0.053125, 0.05
Iteration 5600: 0.040625, 0.059375
Iteration 5700: 0.06875, 0.028125
Iteration 5800: 0.0375, 0.046875
Iteration 5900: 0.0625, 0.03125
Iteration 6000: 0.046875, 0.046875
Validation results: 0.05, 0.01875
Iteration 6100: 0.05625, 0.059375
Iteration 6200: 0.059375, 0.040625
Iteration 6300: 0.06875, 0.046875
Iteration 6400: 0.05625, 0.05
Iteration 6500: 0.0375, 0.05
Validation results: 0.040625, 0.05625
Iteration 6600: 0.059375, 0.05625
Iteration 6700: 0.0375, 0.040625
Iteration 6800: 0.034375, 0.046875
Iteration 6900: 0.028125, 0.04375
Iteration 7000: 0.05625, 0.05
Validation results: 0.040625, 0.059375
Iteration 7100: 0.06875, 0.0375
Iteration 7200: 0.040625, 0.059375
Iteration 7300: 0.05, 0.028125
Iteration 7400: 0.05625, 0.053125
Iteration 7500: 0.046875, 0.0625
Validation results: 0.05, 0.06875
Iteration 7600: 0.040625, 0.028125
Iteration 7700: 0.0375, 0.053125
Iteration 7800: 0.071875, 0.040625
Iteration 7900: 0.0625, 0.053125
Iteration 8000: 0.046875, 0.05625
Validation results: 0.04375, 0.04375
Iteration 8100: 0.040625, 0.0375
Iteration 8200: 0.05, 0.06875
Iteration 8300: 0.053125, 0.0625
Iteration 8400: 0.04375, 0.05
Iteration 8500: 0.078125, 0.05625
Validation results: 0.034375, 0.0375
Iteration 8600: 0.053125, 0.028125
Iteration 8700: 0.046875, 0.0625
Iteration 8800: 0.084375, 0.040625
Iteration 8900: 0.06875, 0.065625
Iteration 9000: 0.03125, 0.04375
Validation results: 0.04375, 0.05
Iteration 9100: 0.046875, 0.046875
Iteration 9200: 0.0375, 0.04375
Iteration 9300: 0.05, 0.0625
Iteration 9400: 0.04375, 0.03125
Iteration 9500: 0.046875, 0.0625
Validation results: 0.04375, 0.0625
Iteration 9600: 0.04375, 0.04375
Iteration 9700: 0.053125, 0.05
Iteration 9800: 0.08125, 0.0625
Iteration 9900: 0.03125, 0.04375
Iteration 10000: 0.05625, 0.05625
Validation results: 0.028125, 0.03125
Iteration 10100: 0.034375, 0.0375
Iteration 10200: 0.046875, 0.046875
Iteration 10300: 0.04375, 0.040625
Iteration 10400: 0.059375, 0.04375
Iteration 10500: 0.04375, 0.053125
Validation results: 0.0625, 0.040625
Iteration 10600: 0.03125, 0.06875
Iteration 10700: 0.034375, 0.04375
Iteration 10800: 0.04375, 0.040625
Iteration 10900: 0.04375, 0.0375
Iteration 11000: 0.03125, 0.0625
Validation results: 0.059375, 0.059375
Iteration 11100: 0.04375, 0.046875
Iteration 11200: 0.040625, 0.0375
Iteration 11300: 0.05, 0.053125
Iteration 11400: 0.040625, 0.040625
Iteration 11500: 0.04375, 0.071875
Validation results: 0.040625, 0.05
Iteration 11600: 0.0375, 0.05625
Iteration 11700: 0.06875, 0.034375
Iteration 11800: 0.053125, 0.05
Iteration 11900: 0.053125, 0.04375
Iteration 12000: 0.046875, 0.046875
Validation results: 0.065625, 0.065625
Iteration 12100: 0.05, 0.05
Iteration 12200: 0.05, 0.04375
Iteration 12300: 0.046875, 0.05
Iteration 12400: 0.0375, 0.021875
Iteration 12500: 0.065625, 0.0375
Validation results: 0.059375, 0.05625
Iteration 12600: 0.059375, 0.025
Iteration 12700: 0.04375, 0.040625
Iteration 12800: 0.034375, 0.059375
Iteration 12900: 0.040625, 0.05
Iteration 13000: 0.05625, 0.046875
Validation results: 0.065625, 0.03125
Iteration 13100: 0.08125, 0.05
Iteration 13200: 0.04375, 0.040625
Iteration 13300: 0.040625, 0.034375
Iteration 13400: 0.0625, 0.0375
Iteration 13500: 0.065625, 0.06875
Validation results: 0.06875, 0.065625
Iteration 13600: 0.046875, 0.059375
Iteration 13700: 0.059375, 0.059375
Iteration 13800: 0.05625, 0.05
Iteration 13900: 0.0625, 0.04375
Iteration 14000: 0.0375, 0.059375
Validation results: 0.028125, 0.059375
Iteration 14100: 0.034375, 0.025
Iteration 14200: 0.034375, 0.05625
Iteration 14300: 0.053125, 0.05
Iteration 14400: 0.05625, 0.03125
Iteration 14500: 0.034375, 0.059375
Validation results: 0.071875, 0.05625
Iteration 14600: 0.03125, 0.05625
Iteration 14700: 0.028125, 0.040625
Iteration 14800: 0.04375, 0.04375
Iteration 14900: 0.06875, 0.040625
Iteration 15000: 0.028125, 0.040625
Validation results: 0.0625, 0.04375
Iteration 15100: 0.05625, 0.028125
Iteration 15200: 0.05, 0.05625
Iteration 15300: 0.0375, 0.078125
Iteration 15400: 0.0375, 0.053125
Iteration 15500: 0.059375, 0.04375
Validation results: 0.040625, 0.046875
Iteration 15600: 0.040625, 0.05625
Iteration 15700: 0.0375, 0.0375
Iteration 15800: 0.05, 0.059375
Iteration 15900: 0.040625, 0.03125
Iteration 16000: 0.053125, 0.075
Validation results: 0.059375, 0.05
Iteration 16100: 0.05, 0.059375
Iteration 16200: 0.034375, 0.05625
Iteration 16300: 0.053125, 0.046875
Iteration 16400: 0.053125, 0.0375
Iteration 16500: 0.0625, 0.065625
Validation results: 0.05625, 0.075
Iteration 16600: 0.04375, 0.040625
Iteration 16700: 0.059375, 0.053125
Iteration 16800: 0.059375, 0.0625
Iteration 16900: 0.053125, 0.05625
Iteration 17000: 0.04375, 0.05625
Validation results: 0.028125, 0.090625
Iteration 17100: 0.05625, 0.04375
Iteration 17200: 0.05, 0.0625
Iteration 17300: 0.0625, 0.059375
Iteration 17400: 0.08125, 0.065625
Iteration 17500: 0.05, 0.04375
Validation results: 0.05, 0.05
Iteration 17600: 0.05, 0.05625
Iteration 17700: 0.05, 0.05
Iteration 17800: 0.05625, 0.0625
Iteration 17900: 0.034375, 0.059375
Iteration 18000: 0.046875, 0.05
Validation results: 0.059375, 0.0625
Iteration 18100: 0.05, 0.0375
Iteration 18200: 0.059375, 0.053125
Iteration 18300: 0.046875, 0.034375
Iteration 18400: 0.053125, 0.059375
Iteration 18500: 0.0375, 0.034375
Validation results: 0.040625, 0.0625
Iteration 18600: 0.034375, 0.04375
Iteration 18700: 0.04375, 0.065625
Iteration 18800: 0.040625, 0.04375
Iteration 18900: 0.05, 0.059375
Iteration 19000: 0.053125, 0.059375
Validation results: 0.05, 0.065625
Iteration 19100: 0.05, 0.05625
Iteration 19200: 0.05, 0.05625
Iteration 19300: 0.05, 0.04375
Iteration 19400: 0.053125, 0.03125
Iteration 19500: 0.05, 0.046875
Validation results: 0.05625, 0.04375
Iteration 19600: 0.05, 0.05
Iteration 19700: 0.040625, 0.059375
Iteration 19800: 0.05, 0.05
Iteration 19900: 0.01875, 0.0625
Iteration 20000: 0.05, 0.05
Validation results: 0.05625, 0.05
Iteration 20100: 0.05, 0.046875
Iteration 20200: 0.04375, 0.05
Iteration 20300: 0.040625, 0.046875
Iteration 20400: 0.04375, 0.05
Iteration 20500: 0.05, 0.046875
Validation results: 0.046875, 0.03125
Iteration 20600: 0.053125, 0.046875
Iteration 20700: 0.05, 0.05
Iteration 20800: 0.046875, 0.046875
Iteration 20900: 0.05, 0.05
Iteration 21000: 0.053125, 0.034375
Validation results: 0.05, 0.075
Iteration 21100: 0.05, 0.040625
Iteration 21200: 0.05, 0.040625
Iteration 21300: 0.05, 0.034375
Iteration 21400: 0.05, 0.040625
Iteration 21500: 0.05, 0.040625
Validation results: 0.05, 0.075
Iteration 21600: 0.05, 0.04375
Iteration 21700: 0.05, 0.05625
Iteration 21800: 0.05, 0.034375
Iteration 21900: 0.05, 0.053125
Iteration 22000: 0.05, 0.05
Validation results: 0.05, 0.046875
Iteration 22100: 0.05, 0.040625
Iteration 22200: 0.05, 0.040625
Iteration 22300: 0.05, 0.071875
Iteration 22400: 0.05, 0.04375
Iteration 22500: 0.05, 0.059375
Validation results: 0.05, 0.040625
Iteration 22600: 0.05, 0.059375
Iteration 22700: 0.05, 0.034375
Iteration 22800: 0.05, 0.0625
Iteration 22900: 0.05, 0.03125
Iteration 23000: 0.05, 0.0625
Validation results: 0.05, 0.053125
Iteration 23100: 0.05, 0.05
Iteration 23200: 0.05, 0.05
Iteration 23300: 0.05, 0.053125
Iteration 23400: 0.05, 0.075
Iteration 23500: 0.05, 0.075
Validation results: 0.05, 0.04375
Iteration 23600: 0.05, 0.05
Iteration 23700: 0.05, 0.05
Iteration 23800: 0.05, 0.040625
Iteration 23900: 0.05, 0.05625
Iteration 24000: 0.05, 0.05
Validation results: 0.05, 0.04375
Iteration 24100: 0.05, 0.0625
Iteration 24200: 0.05, 0.053125
Iteration 24300: 0.05, 0.046875
Iteration 24400: 0.05, 0.04375
Iteration 24500: 0.05, 0.046875
Validation results: 0.05, 0.046875
Iteration 24600: 0.05, 0.04375
Iteration 24700: 0.05, 0.053125
Iteration 24800: 0.05, 0.053125
Iteration 24900: 0.05, 0.05
Iteration 25000: 0.05, 0.05
Validation results: 0.05, 0.05
Iteration 25100: 0.05, 0.05
Iteration 25200: 0.05, 0.05
Iteration 25300: 0.05, 0.05
Iteration 25400: 0.05, 0.05
Iteration 25500: 0.05, 0.05
Validation results: 0.05, 0.05
Iteration 25600: 0.05, 0.05
Iteration 25700: 0.05, 0.05
Iteration 25800: 0.05, 0.05
Iteration 25900: 0.05, 0.05
Iteration 26000: 0.05, 0.05
Validation results: 0.05, 0.05
Iteration 26100: 0.05, 0.05
Iteration 26200: 0.05, 0.05
Iteration 26300: 0.05, 0.05
Iteration 26400: 0.05, 0.05
Iteration 26500: 0.05, 0.05
Validation results: 0.05, 0.05
Iteration 26600: 0.05, 0.05
Iteration 26700: 0.05, 0.05
Iteration 26800: 0.05, 0.05
Iteration 26900: 0.05, 0.05
Iteration 27000: 0.05, 0.05
Validation results: 0.05, 0.05
Iteration 27100: 0.05, 0.05
Iteration 27200: 0.05, 0.05
Iteration 27300: 0.05, 0.05
Iteration 27400: 0.05, 0.05
Iteration 27500: 0.05, 0.05
Validation results: 0.05, 0.05
Iteration 27600: 0.05, 0.05
Iteration 27700: 0.05, 0.05
Iteration 27800: 0.05, 0.05
Iteration 27900: 0.05, 0.05
Iteration 28000: 0.05, 0.05
Validation results: 0.05, 0.05
Iteration 28100: 0.05, 0.05
Iteration 28200: 0.05, 0.05
Iteration 28300: 0.05, 0.05
Iteration 28400: 0.053125, 0.05
Iteration 28500: 0.0375, 0.05
Validation results: 0.05, 0.05
Iteration 28600: 0.05, 0.05
Iteration 28700: 0.05, 0.05
Iteration 28800: 0.05, 0.05
Iteration 28900: 0.05, 0.05
Iteration 29000: 0.05, 0.05
Validation results: 0.05, 0.05
Iteration 29100: 0.05, 0.05
Iteration 29200: 0.05, 0.05
Iteration 29300: 0.05, 0.05
Iteration 29400: 0.05, 0.05
Iteration 29500: 0.05, 0.05
Validation results: 0.05, 0.05
Iteration 29600: 0.05, 0.05
Iteration 29700: 0.05, 0.05
Iteration 29800: 0.05, 0.05
Iteration 29900: 0.05, 0.05
Iteration 30000: 0.05, 0.053125
Validation results: 0.05, 0.04375
Iteration 30100: 0.05, 0.05
Iteration 30200: 0.05, 0.05
Iteration 30300: 0.05, 0.05
Iteration 30400: 0.05, 0.053125
Iteration 30500: 0.05, 0.05
Validation results: 0.05, 0.05625
Iteration 30600: 0.05, 0.053125
Iteration 30700: 0.05, 0.046875
Iteration 30800: 0.05, 0.04375
Iteration 30900: 0.05, 0.04375
Iteration 31000: 0.05, 0.05
Validation results: 0.05, 0.046875
Iteration 31100: 0.05, 0.05
Iteration 31200: 0.05, 0.05
Iteration 31300: 0.05, 0.046875
Iteration 31400: 0.05, 0.046875
Iteration 31500: 0.05, 0.046875
Validation results: 0.05, 0.053125
Iteration 31600: 0.05, 0.046875
Iteration 31700: 0.05, 0.046875
Iteration 31800: 0.05, 0.05
Iteration 31900: 0.05, 0.05
Iteration 32000: 0.05, 0.05625
Validation results: 0.05, 0.046875
Iteration 32100: 0.05, 0.05
Iteration 32200: 0.05, 0.05
Iteration 32300: 0.05, 0.05
Iteration 32400: 0.05, 0.046875
Iteration 32500: 0.05, 0.05
Validation results: 0.05, 0.046875
Iteration 32600: 0.05, 0.053125
Iteration 32700: 0.05, 0.046875
Iteration 32800: 0.05, 0.05
Iteration 32900: 0.05, 0.053125
Iteration 33000: 0.05, 0.05
Validation results: 0.05, 0.05
Iteration 33100: 0.05, 0.053125
Iteration 33200: 0.05, 0.05
Iteration 33300: 0.05, 0.053125
Iteration 33400: 0.05, 0.05
Iteration 33500: 0.05, 0.046875
Validation results: 0.05, 0.05
Iteration 33600: 0.05, 0.05
Iteration 33700: 0.05, 0.05625
Iteration 33800: 0.05, 0.05
Iteration 33900: 0.05, 0.05
Iteration 34000: 0.05, 0.05
Validation results: 0.05, 0.05
Iteration 34100: 0.05, 0.053125
Iteration 34200: 0.05, 0.046875
Iteration 34300: 0.05, 0.046875
Iteration 34400: 0.05, 0.05
Iteration 34500: 0.05, 0.05
Validation results: 0.05, 0.053125
Iteration 34600: 0.05, 0.053125
Iteration 34700: 0.05, 0.05
Iteration 34800: 0.05, 0.046875
Iteration 34900: 0.05, 0.046875
Iteration 35000: 0.05, 0.05
Validation results: 0.05, 0.05
Iteration 35100: 0.05, 0.05
Iteration 35200: 0.05, 0.046875
Iteration 35300: 0.05, 0.05
Iteration 35400: 0.05, 0.05625
Iteration 35500: 0.05, 0.05
Validation results: 0.05, 0.053125
Iteration 35600: 0.05, 0.04375
Iteration 35700: 0.05, 0.05
Iteration 35800: 0.05, 0.05
Iteration 35900: 0.05, 0.053125
Iteration 36000: 0.05, 0.046875
Validation results: 0.05, 0.05
Iteration 36100: 0.05, 0.065625
Iteration 36200: 0.05, 0.05
Iteration 36300: 0.05, 0.059375
Iteration 36400: 0.05, 0.05
Iteration 36500: 0.05, 0.059375
Validation results: 0.046875, 0.046875
Iteration 36600: 0.046875, 0.046875
Iteration 36700: 0.046875, 0.046875
Iteration 36800: 0.05, 0.04375
Iteration 36900: 0.046875, 0.04375
Iteration 37000: 0.065625, 0.059375
Validation results: 0.05, 0.046875
Iteration 37100: 0.046875, 0.040625
Iteration 37200: 0.05625, 0.05
Iteration 37300: 0.05, 0.040625
Iteration 37400: 0.0375, 0.040625
Iteration 37500: 0.028125, 0.046875
Validation results: 0.059375, 0.05625
Iteration 37600: 0.053125, 0.05625
Iteration 37700: 0.04375, 0.05
Iteration 37800: 0.0625, 0.046875
Iteration 37900: 0.05, 0.05625
Iteration 38000: 0.0375, 0.05
Validation results: 0.053125, 0.05
Iteration 38100: 0.05, 0.053125
Iteration 38200: 0.03125, 0.05625
Iteration 38300: 0.05625, 0.040625
Iteration 38400: 0.040625, 0.034375
Iteration 38500: 0.04375, 0.05
Validation results: 0.05, 0.04375
Iteration 38600: 0.05625, 0.046875
Iteration 38700: 0.04375, 0.05
Iteration 38800: 0.0625, 0.046875
Iteration 38900: 0.053125, 0.04375
Iteration 39000: 0.05, 0.046875
Validation results: 0.053125, 0.053125
Iteration 39100: 0.046875, 0.05
Iteration 39200: 0.05, 0.05625
Iteration 39300: 0.046875, 0.05
Iteration 39400: 0.053125, 0.046875
Iteration 39500: 0.046875, 0.03125
Validation results: 0.0625, 0.046875
Iteration 39600: 0.040625, 0.05
Iteration 39700: 0.053125, 0.04375
Iteration 39800: 0.053125, 0.05
Iteration 39900: 0.05, 0.053125
2018-10-12 00:42:37.849890: W tensorflow/core/platform/cpu_feature_guard.cc:45] The TensorFlow library wasn't compiled to use SSE4.1 instructions, but these are available on your machine and could speed up CPU computations.
2018-10-12 00:42:37.850016: W tensorflow/core/platform/cpu_feature_guard.cc:45] The TensorFlow library wasn't compiled to use SSE4.2 instructions, but these are available on your machine and could speed up CPU computations.
2018-10-12 00:42:37.850032: W tensorflow/core/platform/cpu_feature_guard.cc:45] The TensorFlow library wasn't compiled to use AVX instructions, but these are available on your machine and could speed up CPU computations.
2018-10-12 00:42:37.850041: W tensorflow/core/platform/cpu_feature_guard.cc:45] The TensorFlow library wasn't compiled to use AVX2 instructions, but these are available on your machine and could speed up CPU computations.
2018-10-12 00:42:37.850051: W tensorflow/core/platform/cpu_feature_guard.cc:45] The TensorFlow library wasn't compiled to use FMA instructions, but these are available on your machine and could speed up CPU computations.
2018-10-12 00:42:38.068790: I tensorflow/core/common_runtime/gpu/gpu_device.cc:955] Found device 0 with properties: 
name: Tesla P40
major: 6 minor: 1 memoryClockRate (GHz) 1.531
pciBusID 0000:05:00.0
Total memory: 22.38GiB
Free memory: 22.22GiB
2018-10-12 00:42:38.068885: I tensorflow/core/common_runtime/gpu/gpu_device.cc:976] DMA: 0 
2018-10-12 00:42:38.068900: I tensorflow/core/common_runtime/gpu/gpu_device.cc:986] 0:   Y 
2018-10-12 00:42:38.068915: I tensorflow/core/common_runtime/gpu/gpu_device.cc:1045] Creating TensorFlow device (/gpu:0) -> (device: 0, name: Tesla P40, pci bus id: 0000:05:00.0)
WARN: Cannot define MaxPoolGrad, likely already defined for this version of tensorflow: "Registering two gradient with name 'MaxPoolGrad' !(Previous registration was in _find_and_load_unlocked <frozen importlib._bootstrap>:955)"
Generating filenames
Generating image processing ops
Batching images
Manipulating image data to be right shape
Generating filenames
Generating image processing ops
Batching images
Manipulating image data to be right shape
Restoring model weights from logs/omniglot20way//cls_20.mbs_16.ubs_1.numstep5.updatelr0.1batchnorm/model39999
Done initializing, starting training.
