2018-10-11 16:02:16.234508: W tensorflow/core/platform/cpu_feature_guard.cc:45] The TensorFlow library wasn't compiled to use SSE4.1 instructions, but these are available on your machine and could speed up CPU computations.
2018-10-11 16:02:16.234592: W tensorflow/core/platform/cpu_feature_guard.cc:45] The TensorFlow library wasn't compiled to use SSE4.2 instructions, but these are available on your machine and could speed up CPU computations.
2018-10-11 16:02:16.234608: W tensorflow/core/platform/cpu_feature_guard.cc:45] The TensorFlow library wasn't compiled to use AVX instructions, but these are available on your machine and could speed up CPU computations.
2018-10-11 16:02:16.234618: W tensorflow/core/platform/cpu_feature_guard.cc:45] The TensorFlow library wasn't compiled to use AVX2 instructions, but these are available on your machine and could speed up CPU computations.
2018-10-11 16:02:16.234627: W tensorflow/core/platform/cpu_feature_guard.cc:45] The TensorFlow library wasn't compiled to use FMA instructions, but these are available on your machine and could speed up CPU computations.
2018-10-11 16:02:16.423673: I tensorflow/core/common_runtime/gpu/gpu_device.cc:955] Found device 0 with properties: 
name: Tesla P100-PCIE-16GB
major: 6 minor: 0 memoryClockRate (GHz) 1.3285
pciBusID 0000:85:00.0
Total memory: 15.90GiB
Free memory: 15.61GiB
2018-10-11 16:02:16.423760: I tensorflow/core/common_runtime/gpu/gpu_device.cc:976] DMA: 0 
2018-10-11 16:02:16.423775: I tensorflow/core/common_runtime/gpu/gpu_device.cc:986] 0:   Y 
2018-10-11 16:02:16.423790: I tensorflow/core/common_runtime/gpu/gpu_device.cc:1045] Creating TensorFlow device (/gpu:0) -> (device: 0, name: Tesla P100-PCIE-16GB, pci bus id: 0000:85:00.0)
WARN: Cannot define MaxPoolGrad, likely already defined for this version of tensorflow: "Registering two gradient with name 'MaxPoolGrad' !(Previous registration was in _find_and_load_unlocked <frozen importlib._bootstrap>:955)"
Generating filenames
Generating image processing ops
Batching images
Manipulating image data to be right shape
Restoring model weights from logs/omniglot5way/cls_5.mbs_32.ubs_1.numstep1.updatelr0.4batchnorm/model37000
Mean validation accuracy/loss, stddev, and confidence intervals
(array([ 0.19866568,  0.62033397,  0.61100036,  0.57633328,  0.55700004,
        0.55500019,  0.55400008,  0.55599993,  0.56533337,  0.56366676,
        0.56866646], dtype=float32), array([ 0.06108637,  0.20893389,  0.23024394,  0.25094464,  0.24430364,
        0.2556853 ,  0.26207656,  0.26191106,  0.26356184,  0.2649776 ,
        0.26271328], dtype=float32), array([ 0.00488793,  0.01671819,  0.01842335,  0.02007975,  0.01954836,
        0.02045909,  0.02097049,  0.02095725,  0.02108934,  0.02120263,
        0.02102144], dtype=float32))
